 
****************************************
Report : area
Design : Top
Version: U-2022.12-SP6
Date   : Sun Oct  8 14:20:26 2023
****************************************

Information: Updating design information... (UID-85)
Warning: Design 'Top' contains 1 high-fanout nets. A fanout number of 1000 will be used for delay calculations involving these nets. (TIM-134)
Library(s) Used:

    class (File: /cad/synopsys/synthesis/2022.12-sp6/libraries/syn/class.db)

Number of ports:                        49845
Number of nets:                        428919
Number of cells:                       366997
Number of combinational cells:         354222
Number of sequential cells:             11810
Number of macros/black boxes:               0
Number of buf/inv:                      82254
Number of references:                      10

Combinational area:             816336.000000
Buf/Inv area:                    95630.000000
Noncombinational area:          106290.000000
Macro/Black Box area:                0.000000
Net Interconnect area:      undefined  (Wire load has zero net area)

Total cell area:                922626.000000
Total area:                 undefined
1
