 
****************************************
Report : timing
        -path full
        -delay max
        -max_paths 1
Design : Top
Version: U-2022.12-SP6
Date   : Sun Oct  8 14:20:31 2023
****************************************

 # A fanout number of 1000 was used for high fanout net computations.

Operating Conditions: nom_pvt   Library: class
Wire Load Model Mode: top

  Startpoint: pe_array/pe_vec4/pe3/ifmap_reg_reg[1][5]
              (rising edge-triggered flip-flop clocked by clk)
  Endpoint: pe_array/psum_buff_reg[4][30]
            (rising edge-triggered flip-flop clocked by clk)
  Path Group: clk
  Path Type: max

  Des/Clust/Port     Wire Load Model       Library
  ------------------------------------------------
  Top                20x20                 class

  Point                                                                               Incr       Path
  ------------------------------------------------------------------------------------------------------
  clock clk (rise edge)                                                               0.00       0.00
  clock network delay (ideal)                                                         0.50       0.50
  pe_array/pe_vec4/pe3/ifmap_reg_reg[1][5]/CP (FD2)                                   0.00 #     0.50 r
  pe_array/pe_vec4/pe3/ifmap_reg_reg[1][5]/Q (FD2)                                    1.52       2.02 f
  pe_array/pe_vec4/pe3/mult_52_2/a[5] (PE_70_DW_mult_tc_6)                            0.00       2.02 f
  pe_array/pe_vec4/pe3/mult_52_2/U1379/Z1 (B2IP)                                      0.83       2.85 r
  pe_array/pe_vec4/pe3/mult_52_2/U1610/Z (ENI)                                        0.51       3.37 f
  pe_array/pe_vec4/pe3/mult_52_2/U1475/Z (IVI)                                        0.81       4.18 r
  pe_array/pe_vec4/pe3/mult_52_2/U1611/Z (AN2I)                                       0.50       4.68 r
  pe_array/pe_vec4/pe3/mult_52_2/U1476/Z (IVI)                                        0.63       5.31 f
  pe_array/pe_vec4/pe3/mult_52_2/U1637/Z (IVI)                                        0.33       5.64 r
  pe_array/pe_vec4/pe3/mult_52_2/U1503/Z (EON1P)                                      1.45       7.09 r
  pe_array/pe_vec4/pe3/mult_52_2/U827/Z (EOI)                                         1.17       8.27 f
  pe_array/pe_vec4/pe3/mult_52_2/U823/Z (EOI)                                         1.17       9.44 f
  pe_array/pe_vec4/pe3/mult_52_2/U822/Z (EOI)                                         1.17      10.61 f
  pe_array/pe_vec4/pe3/mult_52_2/U818/Z (EOI)                                         1.29      11.90 f
  pe_array/pe_vec4/pe3/mult_52_2/U335/Z (NR2I)                                        1.21      13.11 r
  pe_array/pe_vec4/pe3/mult_52_2/U1436/Z (MUX21LP)                                    0.95      14.07 r
  pe_array/pe_vec4/pe3/mult_52_2/U1367/Z (MUX21LP)                                    0.59      14.66 f
  pe_array/pe_vec4/pe3/mult_52_2/U1316/Z (MUX21L)                                     0.95      15.61 r
  pe_array/pe_vec4/pe3/mult_52_2/U1340/Z (MUX21LP)                                    1.14      16.75 r
  pe_array/pe_vec4/pe3/mult_52_2/U1440/Z (ENI)                                        0.58      17.33 f
  pe_array/pe_vec4/pe3/mult_52_2/product[12] (PE_70_DW_mult_tc_6)                     0.00      17.33 f
  pe_array/pe_vec4/pe3/add_1_root_add_0_root_add_52_2/B[12] (PE_70_DW01_add_9)        0.00      17.33 f
  pe_array/pe_vec4/pe3/add_1_root_add_0_root_add_52_2/U176/Z (NR2I)                   1.05      18.38 r
  pe_array/pe_vec4/pe3/add_1_root_add_0_root_add_52_2/U337/Z (MUX21LP)                0.95      19.34 r
  pe_array/pe_vec4/pe3/add_1_root_add_0_root_add_52_2/U320/Z (MUX21LP)                0.59      19.93 f
  pe_array/pe_vec4/pe3/add_1_root_add_0_root_add_52_2/U352/Z (ENI)                    0.58      20.51 f
  pe_array/pe_vec4/pe3/add_1_root_add_0_root_add_52_2/SUM[14] (PE_70_DW01_add_9)      0.00      20.51 f
  pe_array/pe_vec4/pe3/add_0_root_add_0_root_add_52_2/B[14] (PE_70_DW01_add_7)        0.00      20.51 f
  pe_array/pe_vec4/pe3/add_0_root_add_0_root_add_52_2/U163/Z (NR2I)                   0.65      21.16 r
  pe_array/pe_vec4/pe3/add_0_root_add_0_root_add_52_2/U401/Z (IVI)                    0.28      21.44 f
  pe_array/pe_vec4/pe3/add_0_root_add_0_root_add_52_2/U343/Z (MUX21L)                 0.95      22.38 r
  pe_array/pe_vec4/pe3/add_0_root_add_0_root_add_52_2/U312/Z (MUX21LP)                0.51      22.89 f
  pe_array/pe_vec4/pe3/add_0_root_add_0_root_add_52_2/U311/Z (MUX21HP)                1.24      24.12 f
  pe_array/pe_vec4/pe3/add_0_root_add_0_root_add_52_2/U355/Z (ENI)                    0.58      24.71 f
  pe_array/pe_vec4/pe3/add_0_root_add_0_root_add_52_2/SUM[17] (PE_70_DW01_add_7)      0.00      24.71 f
  pe_array/pe_vec4/pe3/psum[17] (PE_70)                                               0.00      24.71 f
  pe_array/pe_vec4/add_1_root_add_0_root_add_67_2/B[17] (PE_vec_24_DW01_add_9)        0.00      24.71 f
  pe_array/pe_vec4/add_1_root_add_0_root_add_67_2/U128/Z (NR2I)                       0.65      25.35 r
  pe_array/pe_vec4/add_1_root_add_0_root_add_67_2/U374/Z (IVI)                        0.33      25.69 f
  pe_array/pe_vec4/add_1_root_add_0_root_add_67_2/U318/Z (MUX21L)                     0.55      26.23 r
  pe_array/pe_vec4/add_1_root_add_0_root_add_67_2/U386/Z (MUX21LP)                    0.59      26.82 f
  pe_array/pe_vec4/add_1_root_add_0_root_add_67_2/U295/Z (MUX21LP)                    1.09      27.91 r
  pe_array/pe_vec4/add_1_root_add_0_root_add_67_2/U294/Z (MUX21LP)                    1.09      29.01 r
  pe_array/pe_vec4/add_1_root_add_0_root_add_67_2/U309/Z (MUX21LP)                    1.17      30.18 r
  pe_array/pe_vec4/add_1_root_add_0_root_add_67_2/U370/Z (IVI)                        0.28      30.46 f
  pe_array/pe_vec4/add_1_root_add_0_root_add_67_2/U60/Z (ENI)                         0.51      30.97 f
  pe_array/pe_vec4/add_1_root_add_0_root_add_67_2/SUM[24] (PE_vec_24_DW01_add_9)      0.00      30.97 f
  pe_array/pe_vec4/add_0_root_add_0_root_add_67_2/B[24] (PE_vec_24_DW01_add_7)        0.00      30.97 f
  pe_array/pe_vec4/add_0_root_add_0_root_add_67_2/U309/Z (IVI)                        0.40      31.37 r
  pe_array/pe_vec4/add_0_root_add_0_root_add_67_2/U310/Z (ND2I)                       0.22      31.59 f
  pe_array/pe_vec4/add_0_root_add_0_root_add_67_2/U314/Z (MUX21LP)                    1.04      32.63 r
  pe_array/pe_vec4/add_0_root_add_0_root_add_67_2/U304/Z (MUX21LP)                    1.04      33.67 r
  pe_array/pe_vec4/add_0_root_add_0_root_add_67_2/U306/Z (MUX21LP)                    0.59      34.26 f
  pe_array/pe_vec4/add_0_root_add_0_root_add_67_2/U303/Z (MUX21L)                     0.88      35.14 r
  pe_array/pe_vec4/add_0_root_add_0_root_add_67_2/U8/Z (ENI)                          0.42      35.56 r
  pe_array/pe_vec4/add_0_root_add_0_root_add_67_2/SUM[30] (PE_vec_24_DW01_add_7)      0.00      35.56 r
  pe_array/pe_vec4/psum[30] (PE_vec_24)                                               0.00      35.56 r
  pe_array/U1012/Z (MUX21L)                                                           0.47      36.03 f
  pe_array/U1013/Z (IVI)                                                              0.26      36.29 r
  pe_array/psum_buff_reg[4][30]/D (FD2)                                               0.00      36.29 r
  data arrival time                                                                             36.29

  clock clk (rise edge)                                                              10.00      10.00
  clock network delay (ideal)                                                         0.50      10.50
  clock uncertainty                                                                  -0.10      10.40
  pe_array/psum_buff_reg[4][30]/CP (FD2)                                              0.00      10.40 r
  library setup time                                                                 -0.85       9.55
  data required time                                                                             9.55
  ------------------------------------------------------------------------------------------------------
  data required time                                                                             9.55
  data arrival time                                                                            -36.29
  ------------------------------------------------------------------------------------------------------
  slack (VIOLATED)                                                                             -26.74


1
